2024-04-04 22:47:36,959 - sqlalchemy.engine.Engine - INFO - BEGIN (implicit)
2024-04-04 22:47:36,959 - sqlalchemy.engine.Engine - INFO - PRAGMA main.table_info("users")
2024-04-04 22:47:36,959 - sqlalchemy.engine.Engine - INFO - [raw sql] ()
2024-04-04 22:47:36,960 - sqlalchemy.engine.Engine - INFO - PRAGMA main.table_info("quizzes")
2024-04-04 22:47:36,960 - sqlalchemy.engine.Engine - INFO - [raw sql] ()
2024-04-04 22:47:36,960 - sqlalchemy.engine.Engine - INFO - PRAGMA main.table_info("questions")
2024-04-04 22:47:36,960 - sqlalchemy.engine.Engine - INFO - [raw sql] ()
2024-04-04 22:47:36,960 - sqlalchemy.engine.Engine - INFO - COMMIT
2024-04-04 22:54:50,123 - sqlalchemy.engine.Engine - INFO - BEGIN (implicit)
2024-04-04 22:54:50,123 - sqlalchemy.engine.Engine - INFO - PRAGMA main.table_info("users")
2024-04-04 22:54:50,123 - sqlalchemy.engine.Engine - INFO - [raw sql] ()
2024-04-04 22:54:50,124 - sqlalchemy.engine.Engine - INFO - PRAGMA main.table_info("quizzes")
2024-04-04 22:54:50,124 - sqlalchemy.engine.Engine - INFO - [raw sql] ()
2024-04-04 22:54:50,124 - sqlalchemy.engine.Engine - INFO - PRAGMA main.table_info("questions")
2024-04-04 22:54:50,124 - sqlalchemy.engine.Engine - INFO - [raw sql] ()
2024-04-04 22:54:50,124 - sqlalchemy.engine.Engine - INFO - COMMIT
2024-04-04 22:58:05,782 - sqlalchemy.engine.Engine - INFO - BEGIN (implicit)
2024-04-04 22:58:05,782 - sqlalchemy.engine.Engine - INFO - PRAGMA main.table_info("users")
2024-04-04 22:58:05,782 - sqlalchemy.engine.Engine - INFO - [raw sql] ()
2024-04-04 22:58:05,782 - sqlalchemy.engine.Engine - INFO - PRAGMA main.table_info("quizzes")
2024-04-04 22:58:05,782 - sqlalchemy.engine.Engine - INFO - [raw sql] ()
2024-04-04 22:58:05,783 - sqlalchemy.engine.Engine - INFO - PRAGMA main.table_info("questions")
2024-04-04 22:58:05,783 - sqlalchemy.engine.Engine - INFO - [raw sql] ()
2024-04-04 22:58:05,783 - sqlalchemy.engine.Engine - INFO - COMMIT
2024-04-04 22:58:53,724 - sqlalchemy.engine.Engine - INFO - BEGIN (implicit)
2024-04-04 22:58:53,724 - sqlalchemy.engine.Engine - INFO - PRAGMA main.table_info("users")
2024-04-04 22:58:53,724 - sqlalchemy.engine.Engine - INFO - [raw sql] ()
2024-04-04 22:58:53,725 - sqlalchemy.engine.Engine - INFO - PRAGMA main.table_info("quizzes")
2024-04-04 22:58:53,725 - sqlalchemy.engine.Engine - INFO - [raw sql] ()
2024-04-04 22:58:53,725 - sqlalchemy.engine.Engine - INFO - PRAGMA main.table_info("questions")
2024-04-04 22:58:53,725 - sqlalchemy.engine.Engine - INFO - [raw sql] ()
2024-04-04 22:58:53,725 - sqlalchemy.engine.Engine - INFO - COMMIT
2024-04-04 23:09:13,576 - sqlalchemy.engine.Engine - INFO - BEGIN (implicit)
2024-04-04 23:09:13,576 - sqlalchemy.engine.Engine - INFO - PRAGMA main.table_info("users")
2024-04-04 23:09:13,576 - sqlalchemy.engine.Engine - INFO - [raw sql] ()
2024-04-04 23:09:13,577 - sqlalchemy.engine.Engine - INFO - PRAGMA main.table_info("quizzes")
2024-04-04 23:09:13,577 - sqlalchemy.engine.Engine - INFO - [raw sql] ()
2024-04-04 23:09:13,577 - sqlalchemy.engine.Engine - INFO - PRAGMA main.table_info("questions")
2024-04-04 23:09:13,577 - sqlalchemy.engine.Engine - INFO - [raw sql] ()
2024-04-04 23:09:13,578 - sqlalchemy.engine.Engine - INFO - COMMIT
2024-04-04 23:12:12,092 - sqlalchemy.engine.Engine - INFO - BEGIN (implicit)
2024-04-04 23:12:12,092 - sqlalchemy.engine.Engine - INFO - PRAGMA main.table_info("users")
2024-04-04 23:12:12,092 - sqlalchemy.engine.Engine - INFO - [raw sql] ()
2024-04-04 23:12:12,092 - sqlalchemy.engine.Engine - INFO - PRAGMA main.table_info("quizzes")
2024-04-04 23:12:12,092 - sqlalchemy.engine.Engine - INFO - [raw sql] ()
2024-04-04 23:12:12,093 - sqlalchemy.engine.Engine - INFO - PRAGMA main.table_info("questions")
2024-04-04 23:12:12,093 - sqlalchemy.engine.Engine - INFO - [raw sql] ()
2024-04-04 23:12:12,093 - sqlalchemy.engine.Engine - INFO - COMMIT
2024-04-04 23:15:55,423 - sqlalchemy.engine.Engine - INFO - BEGIN (implicit)
2024-04-04 23:15:55,424 - sqlalchemy.engine.Engine - INFO - PRAGMA main.table_info("users")
2024-04-04 23:15:55,424 - sqlalchemy.engine.Engine - INFO - [raw sql] ()
2024-04-04 23:15:55,424 - sqlalchemy.engine.Engine - INFO - PRAGMA main.table_info("quizzes")
2024-04-04 23:15:55,424 - sqlalchemy.engine.Engine - INFO - [raw sql] ()
2024-04-04 23:15:55,424 - sqlalchemy.engine.Engine - INFO - PRAGMA main.table_info("questions")
2024-04-04 23:15:55,425 - sqlalchemy.engine.Engine - INFO - [raw sql] ()
2024-04-04 23:15:55,425 - sqlalchemy.engine.Engine - INFO - COMMIT
2024-04-04 23:24:51,657 - sqlalchemy.engine.Engine - INFO - BEGIN (implicit)
2024-04-04 23:24:51,657 - sqlalchemy.engine.Engine - INFO - PRAGMA main.table_info("users")
2024-04-04 23:24:51,657 - sqlalchemy.engine.Engine - INFO - [raw sql] ()
2024-04-04 23:24:51,657 - sqlalchemy.engine.Engine - INFO - PRAGMA main.table_info("quizzes")
2024-04-04 23:24:51,658 - sqlalchemy.engine.Engine - INFO - [raw sql] ()
2024-04-04 23:24:51,658 - sqlalchemy.engine.Engine - INFO - PRAGMA main.table_info("questions")
2024-04-04 23:24:51,658 - sqlalchemy.engine.Engine - INFO - [raw sql] ()
2024-04-04 23:24:51,658 - sqlalchemy.engine.Engine - INFO - COMMIT
2024-04-04 23:25:25,322 - sqlalchemy.engine.Engine - INFO - BEGIN (implicit)
2024-04-04 23:25:25,322 - sqlalchemy.engine.Engine - INFO - PRAGMA main.table_info("users")
2024-04-04 23:25:25,322 - sqlalchemy.engine.Engine - INFO - [raw sql] ()
2024-04-04 23:25:25,323 - sqlalchemy.engine.Engine - INFO - PRAGMA main.table_info("quizzes")
2024-04-04 23:25:25,323 - sqlalchemy.engine.Engine - INFO - [raw sql] ()
2024-04-04 23:25:25,323 - sqlalchemy.engine.Engine - INFO - PRAGMA main.table_info("questions")
2024-04-04 23:25:25,323 - sqlalchemy.engine.Engine - INFO - [raw sql] ()
2024-04-04 23:25:25,324 - sqlalchemy.engine.Engine - INFO - COMMIT
2024-04-04 23:31:21,552 - sqlalchemy.engine.Engine - INFO - BEGIN (implicit)
2024-04-04 23:31:21,553 - sqlalchemy.engine.Engine - INFO - PRAGMA main.table_info("users")
2024-04-04 23:31:21,554 - sqlalchemy.engine.Engine - INFO - [raw sql] ()
2024-04-04 23:31:21,555 - sqlalchemy.engine.Engine - INFO - PRAGMA main.table_info("quizzes")
2024-04-04 23:31:21,555 - sqlalchemy.engine.Engine - INFO - [raw sql] ()
2024-04-04 23:31:21,555 - sqlalchemy.engine.Engine - INFO - PRAGMA main.table_info("questions")
2024-04-04 23:31:21,555 - sqlalchemy.engine.Engine - INFO - [raw sql] ()
2024-04-04 23:31:21,556 - sqlalchemy.engine.Engine - INFO - COMMIT
